2026-03-18 13:41:38,731 - pings_logger - ERROR - an internal server error occurred:'PingsCrudClass' object has no attribute 'execute'
Traceback (most recent call last):
  File "C:\Users\iconaf\Documents\new-ping-service-api\crud\pings.py", line 55, in test_pings
    result=(await session.execute(stmt)).all()
                  ^^^^^^^^^^^^^^^
AttributeError: 'PingsCrudClass' object has no attribute 'execute'
2026-03-18 13:42:30,043 - pings_logger - ERROR - an internal server error occurred:'PingsCrudClass' object has no attribute 'execute'
Traceback (most recent call last):
  File "C:\Users\iconaf\Documents\new-ping-service-api\crud\pings.py", line 55, in test_pings
    result_query=await session.execute(stmt)
                       ^^^^^^^^^^^^^^^
AttributeError: 'PingsCrudClass' object has no attribute 'execute'
2026-03-18 13:44:42,858 - pings_logger - ERROR - an internal server error occurred:(sqlalchemy.dialects.postgresql.asyncpg.ProgrammingError) <class 'asyncpg.exceptions.UndefinedTableError'>: relation "pinged_input" does not exist
[SQL: SELECT pinged_input.cell_number, pinged_input.extract_date 
FROM pinged_input 
 LIMIT $1::INTEGER]
[parameters: (5,)]
(Background on this error at: https://sqlalche.me/e/20/f405)
Traceback (most recent call last):
  File "C:\Users\iconaf\Documents\new-ping-service-api\venv\Lib\site-packages\sqlalchemy\dialects\postgresql\asyncpg.py", line 526, in _prepare_and_execute
    prepared_stmt, attributes = await adapt_connection._prepare(
                                ^^^^^^^^^^^^^^^^^^^^^^^^^^^^^^^^
        operation, self._invalidate_schema_cache_asof
        ^^^^^^^^^^^^^^^^^^^^^^^^^^^^^^^^^^^^^^^^^^^^^
    )
    ^
  File "C:\Users\iconaf\Documents\new-ping-service-api\venv\Lib\site-packages\sqlalchemy\dialects\postgresql\asyncpg.py", line 773, in _prepare
    prepared_stmt = await self._connection.prepare(
                    ^^^^^^^^^^^^^^^^^^^^^^^^^^^^^^^
        operation, name=self._prepared_statement_name_func()
        ^^^^^^^^^^^^^^^^^^^^^^^^^^^^^^^^^^^^^^^^^^^^^^^^^^^^
    )
    ^
  File "C:\Users\iconaf\Documents\new-ping-service-api\venv\Lib\site-packages\asyncpg\connection.py", line 638, in prepare
    return await self._prepare(
           ^^^^^^^^^^^^^^^^^^^^
    ...<4 lines>...
    )
    ^
  File "C:\Users\iconaf\Documents\new-ping-service-api\venv\Lib\site-packages\asyncpg\connection.py", line 657, in _prepare
    stmt = await self._get_statement(
           ^^^^^^^^^^^^^^^^^^^^^^^^^^
    ...<5 lines>...
    )
    ^
  File "C:\Users\iconaf\Documents\new-ping-service-api\venv\Lib\site-packages\asyncpg\connection.py", line 443, in _get_statement
    statement = await self._protocol.prepare(
                ^^^^^^^^^^^^^^^^^^^^^^^^^^^^^
    ...<5 lines>...
    )
    ^
  File "asyncpg/protocol/protocol.pyx", line 165, in prepare
asyncpg.exceptions.UndefinedTableError: relation "pinged_input" does not exist

The above exception was the direct cause of the following exception:

Traceback (most recent call last):
  File "C:\Users\iconaf\Documents\new-ping-service-api\venv\Lib\site-packages\sqlalchemy\engine\base.py", line 1967, in _exec_single_context
    self.dialect.do_execute(
    ~~~~~~~~~~~~~~~~~~~~~~~^
        cursor, str_statement, effective_parameters, context
        ^^^^^^^^^^^^^^^^^^^^^^^^^^^^^^^^^^^^^^^^^^^^^^^^^^^^
    )
    ^
  File "C:\Users\iconaf\Documents\new-ping-service-api\venv\Lib\site-packages\sqlalchemy\engine\default.py", line 952, in do_execute
    cursor.execute(statement, parameters)
    ~~~~~~~~~~~~~~^^^^^^^^^^^^^^^^^^^^^^^
  File "C:\Users\iconaf\Documents\new-ping-service-api\venv\Lib\site-packages\sqlalchemy\dialects\postgresql\asyncpg.py", line 585, in execute
    self._adapt_connection.await_(
    ~~~~~~~~~~~~~~~~~~~~~~~~~~~~~^
        self._prepare_and_execute(operation, parameters)
        ^^^^^^^^^^^^^^^^^^^^^^^^^^^^^^^^^^^^^^^^^^^^^^^^
    )
    ^
  File "C:\Users\iconaf\Documents\new-ping-service-api\venv\Lib\site-packages\sqlalchemy\util\_concurrency_py3k.py", line 132, in await_only
    return current.parent.switch(awaitable)  # type: ignore[no-any-return,attr-defined] # noqa: E501
           ~~~~~~~~~~~~~~~~~~~~~^^^^^^^^^^^
  File "C:\Users\iconaf\Documents\new-ping-service-api\venv\Lib\site-packages\sqlalchemy\util\_concurrency_py3k.py", line 196, in greenlet_spawn
    value = await result
            ^^^^^^^^^^^^
  File "C:\Users\iconaf\Documents\new-ping-service-api\venv\Lib\site-packages\sqlalchemy\dialects\postgresql\asyncpg.py", line 563, in _prepare_and_execute
    self._handle_exception(error)
    ~~~~~~~~~~~~~~~~~~~~~~^^^^^^^
  File "C:\Users\iconaf\Documents\new-ping-service-api\venv\Lib\site-packages\sqlalchemy\dialects\postgresql\asyncpg.py", line 513, in _handle_exception
    self._adapt_connection._handle_exception(error)
    ~~~~~~~~~~~~~~~~~~~~~~~~~~~~~~~~~~~~~~~~^^^^^^^
  File "C:\Users\iconaf\Documents\new-ping-service-api\venv\Lib\site-packages\sqlalchemy\dialects\postgresql\asyncpg.py", line 797, in _handle_exception
    raise translated_error from error
sqlalchemy.dialects.postgresql.asyncpg.AsyncAdapt_asyncpg_dbapi.ProgrammingError: <class 'asyncpg.exceptions.UndefinedTableError'>: relation "pinged_input" does not exist

The above exception was the direct cause of the following exception:

Traceback (most recent call last):
  File "C:\Users\iconaf\Documents\new-ping-service-api\crud\pings.py", line 55, in test_pings
    result_query=await session.execute(stmt)
                 ^^^^^^^^^^^^^^^^^^^^^^^^^^^
  File "C:\Users\iconaf\Documents\new-ping-service-api\venv\Lib\site-packages\sqlalchemy\ext\asyncio\session.py", line 449, in execute
    result = await greenlet_spawn(
             ^^^^^^^^^^^^^^^^^^^^^
    ...<6 lines>...
    )
    ^
  File "C:\Users\iconaf\Documents\new-ping-service-api\venv\Lib\site-packages\sqlalchemy\util\_concurrency_py3k.py", line 201, in greenlet_spawn
    result = context.throw(*sys.exc_info())
  File "C:\Users\iconaf\Documents\new-ping-service-api\venv\Lib\site-packages\sqlalchemy\orm\session.py", line 2351, in execute
    return self._execute_internal(
           ~~~~~~~~~~~~~~~~~~~~~~^
        statement,
        ^^^^^^^^^^
    ...<4 lines>...
        _add_event=_add_event,
        ^^^^^^^^^^^^^^^^^^^^^^
    )
    ^
  File "C:\Users\iconaf\Documents\new-ping-service-api\venv\Lib\site-packages\sqlalchemy\orm\session.py", line 2249, in _execute_internal
    result: Result[Any] = compile_state_cls.orm_execute_statement(
                          ~~~~~~~~~~~~~~~~~~~~~~~~~~~~~~~~~~~~~~~^
        self,
        ^^^^^
    ...<4 lines>...
        conn,
        ^^^^^
    )
    ^
  File "C:\Users\iconaf\Documents\new-ping-service-api\venv\Lib\site-packages\sqlalchemy\orm\context.py", line 306, in orm_execute_statement
    result = conn.execute(
        statement, params or {}, execution_options=execution_options
    )
  File "C:\Users\iconaf\Documents\new-ping-service-api\venv\Lib\site-packages\sqlalchemy\engine\base.py", line 1419, in execute
    return meth(
        self,
        distilled_parameters,
        execution_options or NO_OPTIONS,
    )
  File "C:\Users\iconaf\Documents\new-ping-service-api\venv\Lib\site-packages\sqlalchemy\sql\elements.py", line 527, in _execute_on_connection
    return connection._execute_clauseelement(
           ~~~~~~~~~~~~~~~~~~~~~~~~~~~~~~~~~^
        self, distilled_params, execution_options
        ^^^^^^^^^^^^^^^^^^^^^^^^^^^^^^^^^^^^^^^^^
    )
    ^
  File "C:\Users\iconaf\Documents\new-ping-service-api\venv\Lib\site-packages\sqlalchemy\engine\base.py", line 1641, in _execute_clauseelement
    ret = self._execute_context(
        dialect,
    ...<8 lines>...
        cache_hit=cache_hit,
    )
  File "C:\Users\iconaf\Documents\new-ping-service-api\venv\Lib\site-packages\sqlalchemy\engine\base.py", line 1846, in _execute_context
    return self._exec_single_context(
           ~~~~~~~~~~~~~~~~~~~~~~~~~^
        dialect, context, statement, parameters
        ^^^^^^^^^^^^^^^^^^^^^^^^^^^^^^^^^^^^^^^
    )
    ^
  File "C:\Users\iconaf\Documents\new-ping-service-api\venv\Lib\site-packages\sqlalchemy\engine\base.py", line 1986, in _exec_single_context
    self._handle_dbapi_exception(
    ~~~~~~~~~~~~~~~~~~~~~~~~~~~~^
        e, str_statement, effective_parameters, cursor, context
        ^^^^^^^^^^^^^^^^^^^^^^^^^^^^^^^^^^^^^^^^^^^^^^^^^^^^^^^
    )
    ^
  File "C:\Users\iconaf\Documents\new-ping-service-api\venv\Lib\site-packages\sqlalchemy\engine\base.py", line 2363, in _handle_dbapi_exception
    raise sqlalchemy_exception.with_traceback(exc_info[2]) from e
  File "C:\Users\iconaf\Documents\new-ping-service-api\venv\Lib\site-packages\sqlalchemy\engine\base.py", line 1967, in _exec_single_context
    self.dialect.do_execute(
    ~~~~~~~~~~~~~~~~~~~~~~~^
        cursor, str_statement, effective_parameters, context
        ^^^^^^^^^^^^^^^^^^^^^^^^^^^^^^^^^^^^^^^^^^^^^^^^^^^^
    )
    ^
  File "C:\Users\iconaf\Documents\new-ping-service-api\venv\Lib\site-packages\sqlalchemy\engine\default.py", line 952, in do_execute
    cursor.execute(statement, parameters)
    ~~~~~~~~~~~~~~^^^^^^^^^^^^^^^^^^^^^^^
  File "C:\Users\iconaf\Documents\new-ping-service-api\venv\Lib\site-packages\sqlalchemy\dialects\postgresql\asyncpg.py", line 585, in execute
    self._adapt_connection.await_(
    ~~~~~~~~~~~~~~~~~~~~~~~~~~~~~^
        self._prepare_and_execute(operation, parameters)
        ^^^^^^^^^^^^^^^^^^^^^^^^^^^^^^^^^^^^^^^^^^^^^^^^
    )
    ^
  File "C:\Users\iconaf\Documents\new-ping-service-api\venv\Lib\site-packages\sqlalchemy\util\_concurrency_py3k.py", line 132, in await_only
    return current.parent.switch(awaitable)  # type: ignore[no-any-return,attr-defined] # noqa: E501
           ~~~~~~~~~~~~~~~~~~~~~^^^^^^^^^^^
  File "C:\Users\iconaf\Documents\new-ping-service-api\venv\Lib\site-packages\sqlalchemy\util\_concurrency_py3k.py", line 196, in greenlet_spawn
    value = await result
            ^^^^^^^^^^^^
  File "C:\Users\iconaf\Documents\new-ping-service-api\venv\Lib\site-packages\sqlalchemy\dialects\postgresql\asyncpg.py", line 563, in _prepare_and_execute
    self._handle_exception(error)
    ~~~~~~~~~~~~~~~~~~~~~~^^^^^^^
  File "C:\Users\iconaf\Documents\new-ping-service-api\venv\Lib\site-packages\sqlalchemy\dialects\postgresql\asyncpg.py", line 513, in _handle_exception
    self._adapt_connection._handle_exception(error)
    ~~~~~~~~~~~~~~~~~~~~~~~~~~~~~~~~~~~~~~~~^^^^^^^
  File "C:\Users\iconaf\Documents\new-ping-service-api\venv\Lib\site-packages\sqlalchemy\dialects\postgresql\asyncpg.py", line 797, in _handle_exception
    raise translated_error from error
sqlalchemy.exc.ProgrammingError: (sqlalchemy.dialects.postgresql.asyncpg.ProgrammingError) <class 'asyncpg.exceptions.UndefinedTableError'>: relation "pinged_input" does not exist
[SQL: SELECT pinged_input.cell_number, pinged_input.extract_date 
FROM pinged_input 
 LIMIT $1::INTEGER]
[parameters: (5,)]
(Background on this error at: https://sqlalche.me/e/20/f405)
2026-03-18 13:45:50,699 - pings_logger - ERROR - an internal server error occurred:(sqlalchemy.dialects.postgresql.asyncpg.ProgrammingError) <class 'asyncpg.exceptions.UndefinedTableError'>: relation "pinged_input" does not exist
[SQL: SELECT pinged_input.cell_number, pinged_input.extract_date 
FROM pinged_input 
 LIMIT $1::INTEGER]
[parameters: (5,)]
(Background on this error at: https://sqlalche.me/e/20/f405)
Traceback (most recent call last):
  File "C:\Users\iconaf\Documents\new-ping-service-api\venv\Lib\site-packages\sqlalchemy\dialects\postgresql\asyncpg.py", line 526, in _prepare_and_execute
    prepared_stmt, attributes = await adapt_connection._prepare(
                                ^^^^^^^^^^^^^^^^^^^^^^^^^^^^^^^^
        operation, self._invalidate_schema_cache_asof
        ^^^^^^^^^^^^^^^^^^^^^^^^^^^^^^^^^^^^^^^^^^^^^
    )
    ^
  File "C:\Users\iconaf\Documents\new-ping-service-api\venv\Lib\site-packages\sqlalchemy\dialects\postgresql\asyncpg.py", line 773, in _prepare
    prepared_stmt = await self._connection.prepare(
                    ^^^^^^^^^^^^^^^^^^^^^^^^^^^^^^^
        operation, name=self._prepared_statement_name_func()
        ^^^^^^^^^^^^^^^^^^^^^^^^^^^^^^^^^^^^^^^^^^^^^^^^^^^^
    )
    ^
  File "C:\Users\iconaf\Documents\new-ping-service-api\venv\Lib\site-packages\asyncpg\connection.py", line 638, in prepare
    return await self._prepare(
           ^^^^^^^^^^^^^^^^^^^^
    ...<4 lines>...
    )
    ^
  File "C:\Users\iconaf\Documents\new-ping-service-api\venv\Lib\site-packages\asyncpg\connection.py", line 657, in _prepare
    stmt = await self._get_statement(
           ^^^^^^^^^^^^^^^^^^^^^^^^^^
    ...<5 lines>...
    )
    ^
  File "C:\Users\iconaf\Documents\new-ping-service-api\venv\Lib\site-packages\asyncpg\connection.py", line 443, in _get_statement
    statement = await self._protocol.prepare(
                ^^^^^^^^^^^^^^^^^^^^^^^^^^^^^
    ...<5 lines>...
    )
    ^
  File "asyncpg/protocol/protocol.pyx", line 165, in prepare
asyncpg.exceptions.UndefinedTableError: relation "pinged_input" does not exist

The above exception was the direct cause of the following exception:

Traceback (most recent call last):
  File "C:\Users\iconaf\Documents\new-ping-service-api\venv\Lib\site-packages\sqlalchemy\engine\base.py", line 1967, in _exec_single_context
    self.dialect.do_execute(
    ~~~~~~~~~~~~~~~~~~~~~~~^
        cursor, str_statement, effective_parameters, context
        ^^^^^^^^^^^^^^^^^^^^^^^^^^^^^^^^^^^^^^^^^^^^^^^^^^^^
    )
    ^
  File "C:\Users\iconaf\Documents\new-ping-service-api\venv\Lib\site-packages\sqlalchemy\engine\default.py", line 952, in do_execute
    cursor.execute(statement, parameters)
    ~~~~~~~~~~~~~~^^^^^^^^^^^^^^^^^^^^^^^
  File "C:\Users\iconaf\Documents\new-ping-service-api\venv\Lib\site-packages\sqlalchemy\dialects\postgresql\asyncpg.py", line 585, in execute
    self._adapt_connection.await_(
    ~~~~~~~~~~~~~~~~~~~~~~~~~~~~~^
        self._prepare_and_execute(operation, parameters)
        ^^^^^^^^^^^^^^^^^^^^^^^^^^^^^^^^^^^^^^^^^^^^^^^^
    )
    ^
  File "C:\Users\iconaf\Documents\new-ping-service-api\venv\Lib\site-packages\sqlalchemy\util\_concurrency_py3k.py", line 132, in await_only
    return current.parent.switch(awaitable)  # type: ignore[no-any-return,attr-defined] # noqa: E501
           ~~~~~~~~~~~~~~~~~~~~~^^^^^^^^^^^
  File "C:\Users\iconaf\Documents\new-ping-service-api\venv\Lib\site-packages\sqlalchemy\util\_concurrency_py3k.py", line 196, in greenlet_spawn
    value = await result
            ^^^^^^^^^^^^
  File "C:\Users\iconaf\Documents\new-ping-service-api\venv\Lib\site-packages\sqlalchemy\dialects\postgresql\asyncpg.py", line 563, in _prepare_and_execute
    self._handle_exception(error)
    ~~~~~~~~~~~~~~~~~~~~~~^^^^^^^
  File "C:\Users\iconaf\Documents\new-ping-service-api\venv\Lib\site-packages\sqlalchemy\dialects\postgresql\asyncpg.py", line 513, in _handle_exception
    self._adapt_connection._handle_exception(error)
    ~~~~~~~~~~~~~~~~~~~~~~~~~~~~~~~~~~~~~~~~^^^^^^^
  File "C:\Users\iconaf\Documents\new-ping-service-api\venv\Lib\site-packages\sqlalchemy\dialects\postgresql\asyncpg.py", line 797, in _handle_exception
    raise translated_error from error
sqlalchemy.dialects.postgresql.asyncpg.AsyncAdapt_asyncpg_dbapi.ProgrammingError: <class 'asyncpg.exceptions.UndefinedTableError'>: relation "pinged_input" does not exist

The above exception was the direct cause of the following exception:

Traceback (most recent call last):
  File "C:\Users\iconaf\Documents\new-ping-service-api\crud\pings.py", line 55, in test_pings
    result_query=await session.execute(stmt)
                 ^^^^^^^^^^^^^^^^^^^^^^^^^^^
  File "C:\Users\iconaf\Documents\new-ping-service-api\venv\Lib\site-packages\sqlalchemy\ext\asyncio\session.py", line 449, in execute
    result = await greenlet_spawn(
             ^^^^^^^^^^^^^^^^^^^^^
    ...<6 lines>...
    )
    ^
  File "C:\Users\iconaf\Documents\new-ping-service-api\venv\Lib\site-packages\sqlalchemy\util\_concurrency_py3k.py", line 201, in greenlet_spawn
    result = context.throw(*sys.exc_info())
  File "C:\Users\iconaf\Documents\new-ping-service-api\venv\Lib\site-packages\sqlalchemy\orm\session.py", line 2351, in execute
    return self._execute_internal(
           ~~~~~~~~~~~~~~~~~~~~~~^
        statement,
        ^^^^^^^^^^
    ...<4 lines>...
        _add_event=_add_event,
        ^^^^^^^^^^^^^^^^^^^^^^
    )
    ^
  File "C:\Users\iconaf\Documents\new-ping-service-api\venv\Lib\site-packages\sqlalchemy\orm\session.py", line 2249, in _execute_internal
    result: Result[Any] = compile_state_cls.orm_execute_statement(
                          ~~~~~~~~~~~~~~~~~~~~~~~~~~~~~~~~~~~~~~~^
        self,
        ^^^^^
    ...<4 lines>...
        conn,
        ^^^^^
    )
    ^
  File "C:\Users\iconaf\Documents\new-ping-service-api\venv\Lib\site-packages\sqlalchemy\orm\context.py", line 306, in orm_execute_statement
    result = conn.execute(
        statement, params or {}, execution_options=execution_options
    )
  File "C:\Users\iconaf\Documents\new-ping-service-api\venv\Lib\site-packages\sqlalchemy\engine\base.py", line 1419, in execute
    return meth(
        self,
        distilled_parameters,
        execution_options or NO_OPTIONS,
    )
  File "C:\Users\iconaf\Documents\new-ping-service-api\venv\Lib\site-packages\sqlalchemy\sql\elements.py", line 527, in _execute_on_connection
    return connection._execute_clauseelement(
           ~~~~~~~~~~~~~~~~~~~~~~~~~~~~~~~~~^
        self, distilled_params, execution_options
        ^^^^^^^^^^^^^^^^^^^^^^^^^^^^^^^^^^^^^^^^^
    )
    ^
  File "C:\Users\iconaf\Documents\new-ping-service-api\venv\Lib\site-packages\sqlalchemy\engine\base.py", line 1641, in _execute_clauseelement
    ret = self._execute_context(
        dialect,
    ...<8 lines>...
        cache_hit=cache_hit,
    )
  File "C:\Users\iconaf\Documents\new-ping-service-api\venv\Lib\site-packages\sqlalchemy\engine\base.py", line 1846, in _execute_context
    return self._exec_single_context(
           ~~~~~~~~~~~~~~~~~~~~~~~~~^
        dialect, context, statement, parameters
        ^^^^^^^^^^^^^^^^^^^^^^^^^^^^^^^^^^^^^^^
    )
    ^
  File "C:\Users\iconaf\Documents\new-ping-service-api\venv\Lib\site-packages\sqlalchemy\engine\base.py", line 1986, in _exec_single_context
    self._handle_dbapi_exception(
    ~~~~~~~~~~~~~~~~~~~~~~~~~~~~^
        e, str_statement, effective_parameters, cursor, context
        ^^^^^^^^^^^^^^^^^^^^^^^^^^^^^^^^^^^^^^^^^^^^^^^^^^^^^^^
    )
    ^
  File "C:\Users\iconaf\Documents\new-ping-service-api\venv\Lib\site-packages\sqlalchemy\engine\base.py", line 2363, in _handle_dbapi_exception
    raise sqlalchemy_exception.with_traceback(exc_info[2]) from e
  File "C:\Users\iconaf\Documents\new-ping-service-api\venv\Lib\site-packages\sqlalchemy\engine\base.py", line 1967, in _exec_single_context
    self.dialect.do_execute(
    ~~~~~~~~~~~~~~~~~~~~~~~^
        cursor, str_statement, effective_parameters, context
        ^^^^^^^^^^^^^^^^^^^^^^^^^^^^^^^^^^^^^^^^^^^^^^^^^^^^
    )
    ^
  File "C:\Users\iconaf\Documents\new-ping-service-api\venv\Lib\site-packages\sqlalchemy\engine\default.py", line 952, in do_execute
    cursor.execute(statement, parameters)
    ~~~~~~~~~~~~~~^^^^^^^^^^^^^^^^^^^^^^^
  File "C:\Users\iconaf\Documents\new-ping-service-api\venv\Lib\site-packages\sqlalchemy\dialects\postgresql\asyncpg.py", line 585, in execute
    self._adapt_connection.await_(
    ~~~~~~~~~~~~~~~~~~~~~~~~~~~~~^
        self._prepare_and_execute(operation, parameters)
        ^^^^^^^^^^^^^^^^^^^^^^^^^^^^^^^^^^^^^^^^^^^^^^^^
    )
    ^
  File "C:\Users\iconaf\Documents\new-ping-service-api\venv\Lib\site-packages\sqlalchemy\util\_concurrency_py3k.py", line 132, in await_only
    return current.parent.switch(awaitable)  # type: ignore[no-any-return,attr-defined] # noqa: E501
           ~~~~~~~~~~~~~~~~~~~~~^^^^^^^^^^^
  File "C:\Users\iconaf\Documents\new-ping-service-api\venv\Lib\site-packages\sqlalchemy\util\_concurrency_py3k.py", line 196, in greenlet_spawn
    value = await result
            ^^^^^^^^^^^^
  File "C:\Users\iconaf\Documents\new-ping-service-api\venv\Lib\site-packages\sqlalchemy\dialects\postgresql\asyncpg.py", line 563, in _prepare_and_execute
    self._handle_exception(error)
    ~~~~~~~~~~~~~~~~~~~~~~^^^^^^^
  File "C:\Users\iconaf\Documents\new-ping-service-api\venv\Lib\site-packages\sqlalchemy\dialects\postgresql\asyncpg.py", line 513, in _handle_exception
    self._adapt_connection._handle_exception(error)
    ~~~~~~~~~~~~~~~~~~~~~~~~~~~~~~~~~~~~~~~~^^^^^^^
  File "C:\Users\iconaf\Documents\new-ping-service-api\venv\Lib\site-packages\sqlalchemy\dialects\postgresql\asyncpg.py", line 797, in _handle_exception
    raise translated_error from error
sqlalchemy.exc.ProgrammingError: (sqlalchemy.dialects.postgresql.asyncpg.ProgrammingError) <class 'asyncpg.exceptions.UndefinedTableError'>: relation "pinged_input" does not exist
[SQL: SELECT pinged_input.cell_number, pinged_input.extract_date 
FROM pinged_input 
 LIMIT $1::INTEGER]
[parameters: (5,)]
(Background on this error at: https://sqlalche.me/e/20/f405)
2026-03-18 15:21:02,514 - pings_logger - ERROR - an internal server error occurred:(sqlalchemy.dialects.postgresql.asyncpg.ProgrammingError) <class 'asyncpg.exceptions.UndefinedTableError'>: relation "pinged_input" does not exist
[SQL: SELECT pinged_input.cell_number, pinged_input.extract_date 
FROM pinged_input 
 LIMIT $1::INTEGER]
[parameters: (5,)]
(Background on this error at: https://sqlalche.me/e/20/f405)
Traceback (most recent call last):
  File "C:\Users\iconaf\Documents\new-ping-service-api\venv\Lib\site-packages\sqlalchemy\dialects\postgresql\asyncpg.py", line 526, in _prepare_and_execute
    prepared_stmt, attributes = await adapt_connection._prepare(
                                ^^^^^^^^^^^^^^^^^^^^^^^^^^^^^^^^
        operation, self._invalidate_schema_cache_asof
        ^^^^^^^^^^^^^^^^^^^^^^^^^^^^^^^^^^^^^^^^^^^^^
    )
    ^
  File "C:\Users\iconaf\Documents\new-ping-service-api\venv\Lib\site-packages\sqlalchemy\dialects\postgresql\asyncpg.py", line 773, in _prepare
    prepared_stmt = await self._connection.prepare(
                    ^^^^^^^^^^^^^^^^^^^^^^^^^^^^^^^
        operation, name=self._prepared_statement_name_func()
        ^^^^^^^^^^^^^^^^^^^^^^^^^^^^^^^^^^^^^^^^^^^^^^^^^^^^
    )
    ^
  File "C:\Users\iconaf\Documents\new-ping-service-api\venv\Lib\site-packages\asyncpg\connection.py", line 638, in prepare
    return await self._prepare(
           ^^^^^^^^^^^^^^^^^^^^
    ...<4 lines>...
    )
    ^
  File "C:\Users\iconaf\Documents\new-ping-service-api\venv\Lib\site-packages\asyncpg\connection.py", line 657, in _prepare
    stmt = await self._get_statement(
           ^^^^^^^^^^^^^^^^^^^^^^^^^^
    ...<5 lines>...
    )
    ^
  File "C:\Users\iconaf\Documents\new-ping-service-api\venv\Lib\site-packages\asyncpg\connection.py", line 443, in _get_statement
    statement = await self._protocol.prepare(
                ^^^^^^^^^^^^^^^^^^^^^^^^^^^^^
    ...<5 lines>...
    )
    ^
  File "asyncpg/protocol/protocol.pyx", line 165, in prepare
asyncpg.exceptions.UndefinedTableError: relation "pinged_input" does not exist

The above exception was the direct cause of the following exception:

Traceback (most recent call last):
  File "C:\Users\iconaf\Documents\new-ping-service-api\venv\Lib\site-packages\sqlalchemy\engine\base.py", line 1967, in _exec_single_context
    self.dialect.do_execute(
    ~~~~~~~~~~~~~~~~~~~~~~~^
        cursor, str_statement, effective_parameters, context
        ^^^^^^^^^^^^^^^^^^^^^^^^^^^^^^^^^^^^^^^^^^^^^^^^^^^^
    )
    ^
  File "C:\Users\iconaf\Documents\new-ping-service-api\venv\Lib\site-packages\sqlalchemy\engine\default.py", line 952, in do_execute
    cursor.execute(statement, parameters)
    ~~~~~~~~~~~~~~^^^^^^^^^^^^^^^^^^^^^^^
  File "C:\Users\iconaf\Documents\new-ping-service-api\venv\Lib\site-packages\sqlalchemy\dialects\postgresql\asyncpg.py", line 585, in execute
    self._adapt_connection.await_(
    ~~~~~~~~~~~~~~~~~~~~~~~~~~~~~^
        self._prepare_and_execute(operation, parameters)
        ^^^^^^^^^^^^^^^^^^^^^^^^^^^^^^^^^^^^^^^^^^^^^^^^
    )
    ^
  File "C:\Users\iconaf\Documents\new-ping-service-api\venv\Lib\site-packages\sqlalchemy\util\_concurrency_py3k.py", line 132, in await_only
    return current.parent.switch(awaitable)  # type: ignore[no-any-return,attr-defined] # noqa: E501
           ~~~~~~~~~~~~~~~~~~~~~^^^^^^^^^^^
  File "C:\Users\iconaf\Documents\new-ping-service-api\venv\Lib\site-packages\sqlalchemy\util\_concurrency_py3k.py", line 196, in greenlet_spawn
    value = await result
            ^^^^^^^^^^^^
  File "C:\Users\iconaf\Documents\new-ping-service-api\venv\Lib\site-packages\sqlalchemy\dialects\postgresql\asyncpg.py", line 563, in _prepare_and_execute
    self._handle_exception(error)
    ~~~~~~~~~~~~~~~~~~~~~~^^^^^^^
  File "C:\Users\iconaf\Documents\new-ping-service-api\venv\Lib\site-packages\sqlalchemy\dialects\postgresql\asyncpg.py", line 513, in _handle_exception
    self._adapt_connection._handle_exception(error)
    ~~~~~~~~~~~~~~~~~~~~~~~~~~~~~~~~~~~~~~~~^^^^^^^
  File "C:\Users\iconaf\Documents\new-ping-service-api\venv\Lib\site-packages\sqlalchemy\dialects\postgresql\asyncpg.py", line 797, in _handle_exception
    raise translated_error from error
sqlalchemy.dialects.postgresql.asyncpg.AsyncAdapt_asyncpg_dbapi.ProgrammingError: <class 'asyncpg.exceptions.UndefinedTableError'>: relation "pinged_input" does not exist

The above exception was the direct cause of the following exception:

Traceback (most recent call last):
  File "C:\Users\iconaf\Documents\new-ping-service-api\crud\pings.py", line 55, in test_pings
    result_query=await session.execute(stmt)
                 ^^^^^^^^^^^^^^^^^^^^^^^^^^^
  File "C:\Users\iconaf\Documents\new-ping-service-api\venv\Lib\site-packages\sqlalchemy\ext\asyncio\session.py", line 449, in execute
    result = await greenlet_spawn(
             ^^^^^^^^^^^^^^^^^^^^^
    ...<6 lines>...
    )
    ^
  File "C:\Users\iconaf\Documents\new-ping-service-api\venv\Lib\site-packages\sqlalchemy\util\_concurrency_py3k.py", line 201, in greenlet_spawn
    result = context.throw(*sys.exc_info())
  File "C:\Users\iconaf\Documents\new-ping-service-api\venv\Lib\site-packages\sqlalchemy\orm\session.py", line 2351, in execute
    return self._execute_internal(
           ~~~~~~~~~~~~~~~~~~~~~~^
        statement,
        ^^^^^^^^^^
    ...<4 lines>...
        _add_event=_add_event,
        ^^^^^^^^^^^^^^^^^^^^^^
    )
    ^
  File "C:\Users\iconaf\Documents\new-ping-service-api\venv\Lib\site-packages\sqlalchemy\orm\session.py", line 2249, in _execute_internal
    result: Result[Any] = compile_state_cls.orm_execute_statement(
                          ~~~~~~~~~~~~~~~~~~~~~~~~~~~~~~~~~~~~~~~^
        self,
        ^^^^^
    ...<4 lines>...
        conn,
        ^^^^^
    )
    ^
  File "C:\Users\iconaf\Documents\new-ping-service-api\venv\Lib\site-packages\sqlalchemy\orm\context.py", line 306, in orm_execute_statement
    result = conn.execute(
        statement, params or {}, execution_options=execution_options
    )
  File "C:\Users\iconaf\Documents\new-ping-service-api\venv\Lib\site-packages\sqlalchemy\engine\base.py", line 1419, in execute
    return meth(
        self,
        distilled_parameters,
        execution_options or NO_OPTIONS,
    )
  File "C:\Users\iconaf\Documents\new-ping-service-api\venv\Lib\site-packages\sqlalchemy\sql\elements.py", line 527, in _execute_on_connection
    return connection._execute_clauseelement(
           ~~~~~~~~~~~~~~~~~~~~~~~~~~~~~~~~~^
        self, distilled_params, execution_options
        ^^^^^^^^^^^^^^^^^^^^^^^^^^^^^^^^^^^^^^^^^
    )
    ^
  File "C:\Users\iconaf\Documents\new-ping-service-api\venv\Lib\site-packages\sqlalchemy\engine\base.py", line 1641, in _execute_clauseelement
    ret = self._execute_context(
        dialect,
    ...<8 lines>...
        cache_hit=cache_hit,
    )
  File "C:\Users\iconaf\Documents\new-ping-service-api\venv\Lib\site-packages\sqlalchemy\engine\base.py", line 1846, in _execute_context
    return self._exec_single_context(
           ~~~~~~~~~~~~~~~~~~~~~~~~~^
        dialect, context, statement, parameters
        ^^^^^^^^^^^^^^^^^^^^^^^^^^^^^^^^^^^^^^^
    )
    ^
  File "C:\Users\iconaf\Documents\new-ping-service-api\venv\Lib\site-packages\sqlalchemy\engine\base.py", line 1986, in _exec_single_context
    self._handle_dbapi_exception(
    ~~~~~~~~~~~~~~~~~~~~~~~~~~~~^
        e, str_statement, effective_parameters, cursor, context
        ^^^^^^^^^^^^^^^^^^^^^^^^^^^^^^^^^^^^^^^^^^^^^^^^^^^^^^^
    )
    ^
  File "C:\Users\iconaf\Documents\new-ping-service-api\venv\Lib\site-packages\sqlalchemy\engine\base.py", line 2363, in _handle_dbapi_exception
    raise sqlalchemy_exception.with_traceback(exc_info[2]) from e
  File "C:\Users\iconaf\Documents\new-ping-service-api\venv\Lib\site-packages\sqlalchemy\engine\base.py", line 1967, in _exec_single_context
    self.dialect.do_execute(
    ~~~~~~~~~~~~~~~~~~~~~~~^
        cursor, str_statement, effective_parameters, context
        ^^^^^^^^^^^^^^^^^^^^^^^^^^^^^^^^^^^^^^^^^^^^^^^^^^^^
    )
    ^
  File "C:\Users\iconaf\Documents\new-ping-service-api\venv\Lib\site-packages\sqlalchemy\engine\default.py", line 952, in do_execute
    cursor.execute(statement, parameters)
    ~~~~~~~~~~~~~~^^^^^^^^^^^^^^^^^^^^^^^
  File "C:\Users\iconaf\Documents\new-ping-service-api\venv\Lib\site-packages\sqlalchemy\dialects\postgresql\asyncpg.py", line 585, in execute
    self._adapt_connection.await_(
    ~~~~~~~~~~~~~~~~~~~~~~~~~~~~~^
        self._prepare_and_execute(operation, parameters)
        ^^^^^^^^^^^^^^^^^^^^^^^^^^^^^^^^^^^^^^^^^^^^^^^^
    )
    ^
  File "C:\Users\iconaf\Documents\new-ping-service-api\venv\Lib\site-packages\sqlalchemy\util\_concurrency_py3k.py", line 132, in await_only
    return current.parent.switch(awaitable)  # type: ignore[no-any-return,attr-defined] # noqa: E501
           ~~~~~~~~~~~~~~~~~~~~~^^^^^^^^^^^
  File "C:\Users\iconaf\Documents\new-ping-service-api\venv\Lib\site-packages\sqlalchemy\util\_concurrency_py3k.py", line 196, in greenlet_spawn
    value = await result
            ^^^^^^^^^^^^
  File "C:\Users\iconaf\Documents\new-ping-service-api\venv\Lib\site-packages\sqlalchemy\dialects\postgresql\asyncpg.py", line 563, in _prepare_and_execute
    self._handle_exception(error)
    ~~~~~~~~~~~~~~~~~~~~~~^^^^^^^
  File "C:\Users\iconaf\Documents\new-ping-service-api\venv\Lib\site-packages\sqlalchemy\dialects\postgresql\asyncpg.py", line 513, in _handle_exception
    self._adapt_connection._handle_exception(error)
    ~~~~~~~~~~~~~~~~~~~~~~~~~~~~~~~~~~~~~~~~^^^^^^^
  File "C:\Users\iconaf\Documents\new-ping-service-api\venv\Lib\site-packages\sqlalchemy\dialects\postgresql\asyncpg.py", line 797, in _handle_exception
    raise translated_error from error
sqlalchemy.exc.ProgrammingError: (sqlalchemy.dialects.postgresql.asyncpg.ProgrammingError) <class 'asyncpg.exceptions.UndefinedTableError'>: relation "pinged_input" does not exist
[SQL: SELECT pinged_input.cell_number, pinged_input.extract_date 
FROM pinged_input 
 LIMIT $1::INTEGER]
[parameters: (5,)]
(Background on this error at: https://sqlalche.me/e/20/f405)
2026-03-23 08:10:28,681 - pings_logger - ERROR - an internal server error occurred while load pings:object of type 'PingPayload' has no len()
Traceback (most recent call last):
  File "C:\Users\iconaf\Documents\new-ping-service-api\crud\pings.py", line 20, in load_pings_payload_crud
    pings_length=len(pings)
TypeError: object of type 'PingPayload' has no len()
2026-03-23 08:11:05,236 - pings_logger - ERROR - an internal server error occurred while load pings:object of type 'PingPayload' has no len()
Traceback (most recent call last):
  File "C:\Users\iconaf\Documents\new-ping-service-api\crud\pings.py", line 20, in load_pings_payload_crud
    pings_length=len(pings)
TypeError: object of type 'PingPayload' has no len()
2026-03-23 08:11:39,319 - pings_logger - ERROR - an internal server error occurred while load pings:list indices must be integers or slices, not str
Traceback (most recent call last):
  File "C:\Users\iconaf\Documents\new-ping-service-api\crud\pings.py", line 28, in load_pings_payload_crud
    valid_count=validated_cell_numbers['valid_count']
                ~~~~~~~~~~~~~~~~~~~~~~^^^^^^^^^^^^^^^
TypeError: list indices must be integers or slices, not str
2026-03-23 08:13:40,223 - pings_logger - ERROR - an internal server error occurred while load pings:list indices must be integers or slices, not str
Traceback (most recent call last):
  File "C:\Users\iconaf\Documents\new-ping-service-api\crud\pings.py", line 30, in load_pings_payload_crud
    valid_count=validated_cell_numbers['valid_count']
                ~~~~~~~~~~~~~~~~~~~~~~^^^^^^^^^^^^^^^
TypeError: list indices must be integers or slices, not str
2026-03-23 08:18:30,772 - pings_logger - ERROR - an internal server error occurred while load pings:list indices must be integers or slices, not str
Traceback (most recent call last):
  File "C:\Users\iconaf\Documents\new-ping-service-api\crud\pings.py", line 30, in load_pings_payload_crud
    valid_count=validated_cell_numbers['valid_count']
                ~~~~~~~~~~~~~~~~~~~~~~^^^^^^^^^^^^^^^
TypeError: list indices must be integers or slices, not str
2026-03-23 08:21:17,388 - pings_logger - ERROR - an internal server error occurred while load pings:list indices must be integers or slices, not str
Traceback (most recent call last):
  File "C:\Users\iconaf\Documents\new-ping-service-api\crud\pings.py", line 30, in load_pings_payload_crud
    valid_count=validated_cell_numbers['valid_count']
                ~~~~~~~~~~~~~~~~~~~~~~^^^^^^^^^^^^^^^
TypeError: list indices must be integers or slices, not str
2026-03-23 08:24:01,817 - pings_logger - INFO - valid count cell numbers:1, and invalid count:0
2026-03-23 08:25:05,822 - pings_logger - INFO - valid count cell numbers:1, and invalid count:0
2026-03-23 08:25:55,751 - pings_logger - INFO - valid count cell numbers:1, and invalid count:0
2026-03-23 08:30:50,871 - pings_logger - INFO - valid count cell numbers:1, and invalid count:0
2026-03-23 08:31:16,955 - pings_logger - INFO - valid count cell numbers:2, and invalid count:0
2026-03-23 08:31:47,154 - pings_logger - INFO - valid count cell numbers:2, and invalid count:1
2026-03-23 08:32:21,077 - pings_logger - INFO - valid count cell numbers:2, and invalid count:1
2026-03-23 08:32:21,078 - pings_logger - ERROR - an internal server error occurred while load pings:1 validation error for LoadPingPayload
pinged_cell_numbers
  Field required [type=missing, input_value={'valid_numbers_count': 2...7550153', '0817550154']}, input_type=dict]
    For further information visit https://errors.pydantic.dev/2.12/v/missing
Traceback (most recent call last):
  File "C:\Users\iconaf\Documents\new-ping-service-api\crud\pings.py", line 34, in load_pings_payload_crud
    return LoadPingPayload(valid_numbers_count=valid_count,invalid_number_count=invalid_count,cell_numbers=valid_numbers)
  File "C:\Users\iconaf\Documents\new-ping-service-api\venv\Lib\site-packages\pydantic\main.py", line 250, in __init__
    validated_self = self.__pydantic_validator__.validate_python(data, self_instance=self)
pydantic_core._pydantic_core.ValidationError: 1 validation error for LoadPingPayload
pinged_cell_numbers
  Field required [type=missing, input_value={'valid_numbers_count': 2...7550153', '0817550154']}, input_type=dict]
    For further information visit https://errors.pydantic.dev/2.12/v/missing
2026-03-23 08:35:20,274 - pings_logger - INFO - valid count cell numbers:4, and invalid count:2
2026-03-23 08:40:14,009 - pings_logger - INFO - valid count cell numbers:4, and invalid count:2
2026-03-23 08:40:24,793 - pings_logger - INFO - valid count cell numbers:4, and invalid count:2
2026-03-23 09:37:17,366 - pings_logger - INFO - valid count cell numbers:4, and invalid count:2
2026-03-23 09:37:45,653 - pings_logger - INFO - valid count cell numbers:4, and invalid count:2
2026-03-23 09:43:12,960 - pings_logger - INFO - valid count cell numbers:5, and invalid count:2
2026-03-23 09:51:55,803 - pings_logger - INFO - valid count cell numbers:4, and invalid count:2
2026-03-23 09:53:19,325 - pings_logger - INFO - valid count cell numbers:4, and invalid count:2
2026-03-23 12:42:05,155 - pings_logger - INFO - valid count cell numbers:3, and invalid count:0
2026-03-23 12:59:17,221 - pings_logger - INFO - valid count cell numbers:3, and invalid count:0
2026-03-23 13:00:56,711 - pings_logger - INFO - valid count cell numbers:5, and invalid count:0
2026-03-23 13:01:39,442 - pings_logger - INFO - valid count cell numbers:6, and invalid count:0
2026-03-23 13:02:48,267 - pings_logger - INFO - valid count cell numbers:8, and invalid count:0
2026-03-23 13:13:20,240 - pings_logger - INFO - valid count cell numbers:1, and invalid count:0
2026-03-23 13:13:37,970 - pings_logger - INFO - valid count cell numbers:2, and invalid count:0
2026-03-23 13:16:02,355 - pings_logger - INFO - valid count cell numbers:25, and invalid count:0
2026-03-23 13:17:54,997 - pings_logger - INFO - valid count cell numbers:40, and invalid count:0
2026-03-23 14:02:44,281 - pings_logger - INFO - valid count cell numbers:60, and invalid count:0
2026-03-23 14:03:00,849 - pings_logger - INFO - valid count cell numbers:59, and invalid count:1
2026-03-23 14:04:47,987 - pings_logger - INFO - valid count cell numbers:80, and invalid count:0
2026-03-23 14:07:06,990 - pings_logger - INFO - valid count cell numbers:90, and invalid count:0
2026-03-23 14:43:09,728 - pings_logger - INFO - valid count cell numbers:3000, and invalid count:0
2026-03-23 14:49:54,335 - pings_logger - INFO - valid count cell numbers:15000, and invalid count:0
2026-03-23 14:52:50,923 - pings_logger - INFO - valid count cell numbers:14999, and invalid count:1
2026-03-23 15:49:42,555 - pings_logger - INFO - valid count cell numbers:3, and invalid count:0
2026-03-23 15:52:24,424 - pings_logger - INFO - user:9 loaded pings records equal to:3
2026-03-23 15:52:24,425 - pings_logger - INFO - valid count cell numbers:3, and invalid count:0
2026-03-23 15:54:18,119 - pings_logger - INFO - user:9 loaded pings records equal to:3000
2026-03-23 15:54:18,120 - pings_logger - INFO - valid count cell numbers:3000, and invalid count:0
2026-03-23 15:55:38,480 - pings_logger - INFO - user:9 loaded pings records equal to:3
2026-03-23 15:55:38,481 - pings_logger - INFO - valid count cell numbers:3, and invalid count:0
2026-03-23 16:01:35,746 - pings_logger - INFO - user:9 loaded pings records equal to:15000
2026-03-23 16:01:35,747 - pings_logger - INFO - valid count cell numbers:15000, and invalid count:0
2026-03-23 16:22:51,477 - pings_logger - INFO - user:9 loaded pings records equal to:1
2026-03-23 16:22:51,478 - pings_logger - INFO - valid count cell numbers:1, and invalid count:0
2026-03-23 16:24:05,123 - pings_logger - INFO - user:9 loaded pings records equal to:3000
2026-03-23 16:24:05,124 - pings_logger - INFO - valid count cell numbers:3000, and invalid count:0
2026-03-23 16:24:53,132 - pings_logger - INFO - user:9 loaded pings records equal to:3000
2026-03-23 16:24:53,133 - pings_logger - INFO - valid count cell numbers:3000, and invalid count:0
