2026-03-19 12:40:56,632 - users_logger - INFO - user:7 with email:test_client7@gmail.com logged in
2026-03-19 12:40:56,632 - users_logger - INFO - user:test_client7@gmail.com successfully logged in
2026-03-19 13:20:49,639 - users_logger - INFO - user:7 with email:test_client7@gmail.com logged in
2026-03-19 13:20:49,640 - users_logger - ERROR - an internal server error while login user:unhashable type: 'list'
Traceback (most recent call last):
  File "C:\Users\iconaf\Documents\new-ping-service-api\crud\clients.py", line 101, in login_client_crud
    token=create_access_token(data={'user_id':result.client_id},expires_delta=access_toke_expires)
  File "C:\Users\iconaf\Documents\new-ping-service-api\utils\auth\security.py", line 37, in create_access_token
    encoded_jwt=jwt.encode(to_encode,get_settings().SECRET_KEY,algorithm=[ALGORITHM])
  File "C:\Users\iconaf\Documents\new-ping-service-api\venv\Lib\site-packages\jwt\api_jwt.py", line 147, in encode
    return self._jws.encode(
           ~~~~~~~~~~~~~~~~^
        json_payload,
        ^^^^^^^^^^^^^
    ...<4 lines>...
        sort_headers=sort_headers,
        ^^^^^^^^^^^^^^^^^^^^^^^^^^
    )
    ^
  File "C:\Users\iconaf\Documents\new-ping-service-api\venv\Lib\site-packages\jwt\api_jws.py", line 187, in encode
    alg_obj = self.get_algorithm_by_name(algorithm_)
  File "C:\Users\iconaf\Documents\new-ping-service-api\venv\Lib\site-packages\jwt\api_jws.py", line 112, in get_algorithm_by_name
    return self._algorithms[alg_name]
           ~~~~~~~~~~~~~~~~^^^^^^^^^^
TypeError: unhashable type: 'list'
2026-03-19 13:21:57,858 - users_logger - INFO - user:7 with email:test_client7@gmail.com logged in
2026-03-19 13:21:57,858 - users_logger - INFO - user:test_client7@gmail.com successfully logged in
2026-03-19 13:30:16,026 - users_logger - INFO - user:7 with email:test_client7@gmail.com logged in
2026-03-19 13:30:16,027 - users_logger - INFO - log the token:eyJhbGciOiJIUzI1NiIsInR5cCI6IkpXVCJ9.eyJ1c2VyX2lkIjo3LCJleHAiOjE3NzM5MjE2MTZ9.Lt60uCeEiM6YvL4yXA8USzkFQ4ZopzH8cVXi4uDfh_g
2026-03-19 13:30:16,027 - users_logger - INFO - user:test_client7@gmail.com successfully logged in
2026-03-19 13:32:43,593 - users_logger - INFO - user:7 with email:test_client7@gmail.com logged in
2026-03-19 13:32:43,593 - users_logger - INFO - log the token:eyJhbGciOiJIUzI1NiIsInR5cCI6IkpXVCJ9.eyJ1c2VyX2lkIjo3LCJleHAiOjE3NzM5MjE3NjN9.d75SXJFqfpnLwBy2ks-pxswXvpEqW_B2UlLPZ8anefo
2026-03-19 13:32:43,593 - users_logger - INFO - user:test_client7@gmail.com successfully logged in
2026-03-19 13:33:06,317 - users_logger - INFO - user:7 with email:test_client7@gmail.com logged in
2026-03-19 13:33:06,318 - users_logger - INFO - log the token:eyJhbGciOiJIUzI1NiIsInR5cCI6IkpXVCJ9.eyJ1c2VyX2lkIjo3LCJleHAiOjE3NzM5MjE3ODZ9.iai6K4ROP44F-kz5QCrTcDSrCsEE7YGgmmpJ2vxgc0M
2026-03-19 13:33:06,318 - users_logger - INFO - user:test_client7@gmail.com successfully logged in
2026-03-19 14:16:30,809 - users_logger - INFO - user:7 with email:test_client7@gmail.com logged in
2026-03-19 14:16:30,810 - users_logger - INFO - log the token:eyJhbGciOiJIUzI1NiIsInR5cCI6IkpXVCJ9.eyJ1c2VyX2lkIjo3LCJleHAiOjE3NzM5MjQzOTB9.Ur2IvlVRhtGU8okn_flrk13g3x_kBTY_8FgHAzPsF-o
2026-03-19 14:16:30,811 - users_logger - INFO - user:test_client7@gmail.com successfully logged in
2026-03-19 14:22:14,432 - users_logger - INFO - new cleint:client_10,with email:client10@gmail.com and client id:8 registered
2026-03-19 14:22:37,161 - users_logger - INFO - user:8 with email:client10@gmail.com logged in
2026-03-19 14:22:37,162 - users_logger - INFO - log the token:eyJhbGciOiJIUzI1NiIsInR5cCI6IkpXVCJ9.eyJ1c2VyX2lkIjo4LCJleHAiOjE3NzM5MjQ3NTd9.VfBnPLK1jCQivq6ZGtSW6NkAK1DKohbvbRGnwa5opFo
2026-03-19 14:22:37,162 - users_logger - INFO - user:client10@gmail.com successfully logged in
2026-03-19 14:40:15,693 - users_logger - INFO - user:7 with email:test_client7@gmail.com logged in
2026-03-19 14:40:15,693 - users_logger - INFO - log the token:eyJhbGciOiJIUzI1NiIsInR5cCI6IkpXVCJ9.eyJ1c2VyX2lkIjo3LCJleHAiOjE3NzM5MjU4MTV9.hd33A8KThvF1C3udAM0lj1Fi86HQ3DYhkNogqOD6PiU
2026-03-19 14:40:15,694 - users_logger - INFO - user:test_client7@gmail.com successfully logged in
2026-03-19 14:53:31,271 - users_logger - INFO - user:7 with email:test_client7@gmail.com logged in
2026-03-19 14:53:31,271 - users_logger - INFO - log the token:eyJhbGciOiJIUzI1NiIsInR5cCI6IkpXVCJ9.eyJ1c2VyX2lkIjo3LCJleHAiOjE3NzM5MjY2MTF9.WSBNzS6-AIQfdVItkhvRB83eHwv9F6eMCV0PwUKCapA
2026-03-19 14:53:31,272 - users_logger - INFO - user:test_client7@gmail.com successfully logged in
2026-03-19 15:25:37,105 - users_logger - INFO - user:7 with email:test_client7@gmail.com logged in
2026-03-19 15:25:37,106 - users_logger - INFO - log the token:eyJhbGciOiJIUzI1NiIsInR5cCI6IkpXVCJ9.eyJ1c2VyX2lkIjo3LCJleHAiOjE3NzM5Mjg1Mzd9.6Vz0FrpSERH-qARpPSLO60_uYzfL6vybIz1zbSro8jk
2026-03-19 15:25:37,106 - users_logger - INFO - user:test_client7@gmail.com successfully logged in
2026-03-19 15:41:53,887 - users_logger - INFO - user:7 with email:test_client7@gmail.com logged in
2026-03-19 15:41:53,887 - users_logger - INFO - log the token:eyJhbGciOiJIUzI1NiIsInR5cCI6IkpXVCJ9.eyJ1c2VyX2lkIjo3LCJleHAiOjE3NzM5Mjk1MTN9.0r_SrHEgAKSPmvQKuz7u12TrNVkIz-3X4uiMbqeaFvI
2026-03-19 15:41:53,888 - users_logger - INFO - user:test_client7@gmail.com successfully logged in
2026-03-22 20:28:27,890 - users_logger - INFO - new cleint:sunday_test,with email:user@gmail.com and client id:9 registered
2026-03-22 20:29:37,760 - users_logger - INFO - user:9 with email:user@gmail.com logged in
2026-03-22 20:29:37,761 - users_logger - INFO - log the token:eyJhbGciOiJIUzI1NiIsInR5cCI6IkpXVCJ9.eyJ1c2VyX2lkIjo5LCJleHAiOjE3NzQyMDU5Nzd9.tXd9pFLEjfcFDY_-RiRqrvcgjRrwpNi6ksoVwdfQL-c
2026-03-22 20:29:37,762 - users_logger - INFO - user:user@gmail.com successfully logged in
2026-03-22 20:39:28,157 - users_logger - ERROR - an internal server error occurred while fetching users:1 validation error for ClientsSchema
  Input should be a valid dictionary or instance of ClientsSchema [type=model_type, input_value=<models.clients.Clients_T...t at 0x000001C317F8FA10>, input_type=Clients_Table]
    For further information visit https://errors.pydantic.dev/2.12/v/model_type
Traceback (most recent call last):
  File "C:\Users\iconaf\Documents\new-ping-service-api\crud\clients.py", line 35, in get_all_clients
    return GetAllClientsSchema(total=total_records,page=page,page_size=page_size,results=[ClientsSchema.model_validate(client) for client in clients])
                                                                                          ~~~~~~~~~~~~~~~~~~~~~~~~~~~~^^^^^^^^
  File "C:\Users\iconaf\Documents\new-ping-service-api\venv\Lib\site-packages\pydantic\main.py", line 716, in model_validate
    return cls.__pydantic_validator__.validate_python(
           ~~~~~~~~~~~~~~~~~~~~~~~~~~~~~~~~~~~~~~~~~~^
        obj,
        ^^^^
    ...<5 lines>...
        by_name=by_name,
        ^^^^^^^^^^^^^^^^
    )
    ^
pydantic_core._pydantic_core.ValidationError: 1 validation error for ClientsSchema
  Input should be a valid dictionary or instance of ClientsSchema [type=model_type, input_value=<models.clients.Clients_T...t at 0x000001C317F8FA10>, input_type=Clients_Table]
    For further information visit https://errors.pydantic.dev/2.12/v/model_type
2026-03-22 20:41:40,626 - users_logger - ERROR - an internal server error occurred while fetching users:1 validation error for AllClientsSchema
  Input should be a valid dictionary or instance of AllClientsSchema [type=model_type, input_value=<models.clients.Clients_T...t at 0x0000021C35C33A10>, input_type=Clients_Table]
    For further information visit https://errors.pydantic.dev/2.12/v/model_type
Traceback (most recent call last):
  File "C:\Users\iconaf\Documents\new-ping-service-api\crud\clients.py", line 35, in get_all_clients
    return GetAllClientsSchema(total=total_records,page=page,page_size=page_size,results=[AllClientsSchema.model_validate(client) for client in clients])
                                                                                          ~~~~~~~~~~~~~~~~~~~~~~~~~~~~~~~^^^^^^^^
  File "C:\Users\iconaf\Documents\new-ping-service-api\venv\Lib\site-packages\pydantic\main.py", line 716, in model_validate
    return cls.__pydantic_validator__.validate_python(
           ~~~~~~~~~~~~~~~~~~~~~~~~~~~~~~~~~~~~~~~~~~^
        obj,
        ^^^^
    ...<5 lines>...
        by_name=by_name,
        ^^^^^^^^^^^^^^^^
    )
    ^
pydantic_core._pydantic_core.ValidationError: 1 validation error for AllClientsSchema
  Input should be a valid dictionary or instance of AllClientsSchema [type=model_type, input_value=<models.clients.Clients_T...t at 0x0000021C35C33A10>, input_type=Clients_Table]
    For further information visit https://errors.pydantic.dev/2.12/v/model_type
2026-03-22 20:54:51,859 - users_logger - INFO - user:9 with email:user@gmail.com logged in
2026-03-22 20:54:51,860 - users_logger - INFO - log the token:eyJhbGciOiJIUzI1NiIsInR5cCI6IkpXVCJ9.eyJ1c2VyX2lkIjo5LCJleHAiOjE3NzQyMDc0OTF9.rKag_tKIrrjvzy40jD5qaVsNxKC49wsC_I8tI0rA9CY
2026-03-22 20:54:51,861 - users_logger - INFO - user:user@gmail.com successfully logged in
2026-03-22 21:08:32,757 - users_logger - INFO - user:9 with email:user@gmail.com logged in
2026-03-22 21:08:32,759 - users_logger - INFO - log the token:eyJhbGciOiJIUzI1NiIsInR5cCI6IkpXVCJ9.eyJ1c2VyX2lkIjo5LCJleHAiOjE3NzQyMDgzMTJ9.aWb9rPg7-QownQSuxofLiI1aobIzT56UIKrZsntihwE
2026-03-22 21:08:32,760 - users_logger - INFO - user:user@gmail.com successfully logged in
2026-03-22 21:08:48,838 - users_logger - INFO - client:5 has been deleted
2026-03-23 07:57:59,401 - users_logger - INFO - user:9 with email:user@gmail.com logged in
2026-03-23 07:57:59,401 - users_logger - INFO - log the token:eyJhbGciOiJIUzI1NiIsInR5cCI6IkpXVCJ9.eyJ1c2VyX2lkIjo5LCJleHAiOjE3NzQyNDcyNzl9.XrYIfIpULGDMrURawCsFdVi8DFQaaXMKqkczly3c6VY
2026-03-23 07:57:59,402 - users_logger - INFO - user:user@gmail.com successfully logged in
2026-03-23 08:30:33,730 - users_logger - INFO - user:9 with email:user@gmail.com logged in
2026-03-23 08:30:33,730 - users_logger - INFO - log the token:eyJhbGciOiJIUzI1NiIsInR5cCI6IkpXVCJ9.eyJ1c2VyX2lkIjo5LCJleHAiOjE3NzQyNDkyMzN9.ayfbN842rUNQOJ02awitJoRGaEGA78zva8Ub8Zxx_uA
2026-03-23 08:30:33,730 - users_logger - INFO - user:user@gmail.com successfully logged in
2026-03-23 08:33:37,455 - users_logger - INFO - user:9 with email:user@gmail.com logged in
2026-03-23 08:33:37,456 - users_logger - INFO - log the token:eyJhbGciOiJIUzI1NiIsInR5cCI6IkpXVCJ9.eyJ1c2VyX2lkIjo5LCJleHAiOjE3NzQyNDk0MTd9.NPtthegKR2GZrqLX0V9d6-8fzvEoi7w7eHaAmu3je-w
2026-03-23 08:33:37,456 - users_logger - INFO - user:user@gmail.com successfully logged in
2026-03-23 09:37:13,222 - users_logger - INFO - user:9 with email:user@gmail.com logged in
2026-03-23 09:37:13,223 - users_logger - INFO - log the token:eyJhbGciOiJIUzI1NiIsInR5cCI6IkpXVCJ9.eyJ1c2VyX2lkIjo5LCJleHAiOjE3NzQyNTMyMzN9.hbyYq4-Dewcn7wWG9_O3eEK670bAvD3ZEOto__2zFlI
2026-03-23 09:37:13,223 - users_logger - INFO - user:user@gmail.com successfully logged in
2026-03-23 11:27:30,847 - users_logger - INFO - user:9 with email:user@gmail.com logged in
2026-03-23 11:27:30,847 - users_logger - INFO - user:user@gmail.com successfully logged in
2026-03-23 12:09:09,690 - users_logger - INFO - user:9 with email:user@gmail.com logged in
2026-03-23 12:09:09,691 - users_logger - INFO - user:user@gmail.com successfully logged in
2026-03-23 12:41:58,477 - users_logger - INFO - user:9 with email:user@gmail.com logged in
2026-03-23 12:41:58,478 - users_logger - INFO - user:user@gmail.com successfully logged in
2026-03-23 13:13:15,056 - users_logger - INFO - user:9 with email:user@gmail.com logged in
2026-03-23 13:13:15,057 - users_logger - INFO - user:user@gmail.com successfully logged in
2026-03-23 14:02:37,465 - users_logger - INFO - user:9 with email:user@gmail.com logged in
2026-03-23 14:02:37,466 - users_logger - INFO - user:user@gmail.com successfully logged in
2026-03-23 14:40:58,759 - users_logger - INFO - user:9 with email:user@gmail.com logged in
2026-03-23 14:40:58,760 - users_logger - INFO - user:user@gmail.com successfully logged in
2026-03-23 15:03:49,244 - users_logger - INFO - user:9 with email:user@gmail.com logged in
2026-03-23 15:03:49,245 - users_logger - INFO - user:user@gmail.com successfully logged in
2026-03-23 15:48:06,172 - users_logger - INFO - user:9 with email:user@gmail.com logged in
2026-03-23 15:48:06,173 - users_logger - INFO - user:user@gmail.com successfully logged in
2026-03-23 15:58:16,941 - users_logger - INFO - user:9 with email:user@gmail.com logged in
2026-03-23 15:58:16,942 - users_logger - INFO - user:user@gmail.com successfully logged in
2026-03-23 16:11:46,991 - users_logger - INFO - user:9 with email:user@gmail.com logged in
2026-03-23 16:11:46,992 - users_logger - INFO - user:user@gmail.com successfully logged in
2026-03-23 16:57:54,119 - users_logger - INFO - user:9 with email:user@gmail.com logged in
2026-03-23 16:57:54,120 - users_logger - INFO - user:user@gmail.com successfully logged in
2026-03-24 08:02:11,722 - users_logger - INFO - user:9 with email:user@gmail.com logged in
2026-03-24 08:02:11,723 - users_logger - INFO - user:user@gmail.com successfully logged in
2026-03-24 08:28:19,831 - users_logger - INFO - user:9 with email:user@gmail.com logged in
2026-03-24 08:28:19,832 - users_logger - INFO - user:user@gmail.com successfully logged in
2026-03-24 08:53:32,425 - users_logger - INFO - user:9 with email:user@gmail.com logged in
2026-03-24 08:53:32,425 - users_logger - INFO - user:user@gmail.com successfully logged in
2026-03-24 10:25:41,919 - users_logger - INFO - user:9 with email:user@gmail.com logged in
2026-03-24 10:25:41,920 - users_logger - INFO - user:user@gmail.com successfully logged in
2026-03-24 10:36:04,494 - users_logger - INFO - user:9 with email:user@gmail.com logged in
2026-03-24 10:36:04,495 - users_logger - INFO - user:user@gmail.com successfully logged in
2026-03-24 11:02:03,320 - users_logger - ERROR - an internal server error while fetching user:1,1 validation error for ClientsSchema
client_name
  Field required [type=missing, input_value={'client_id': 1, 'client_...utc), 'is_active': True}, input_type=dict]
    For further information visit https://errors.pydantic.dev/2.12/v/missing
Traceback (most recent call last):
  File "C:\Users\iconaf\Documents\new-ping-service-api\crud\clients.py", line 71, in get_single_client_crud
    return ClientsSchema(client_id=client.client_id,client_email=client.email,created_at=client.created_at,is_active=client.is_active)
  File "C:\Users\iconaf\Documents\new-ping-service-api\venv\Lib\site-packages\pydantic\main.py", line 250, in __init__
    validated_self = self.__pydantic_validator__.validate_python(data, self_instance=self)
pydantic_core._pydantic_core.ValidationError: 1 validation error for ClientsSchema
client_name
  Field required [type=missing, input_value={'client_id': 1, 'client_...utc), 'is_active': True}, input_type=dict]
    For further information visit https://errors.pydantic.dev/2.12/v/missing
2026-03-24 11:07:19,153 - users_logger - INFO - user:9 with email:user@gmail.com logged in
2026-03-24 11:07:19,153 - users_logger - INFO - user:user@gmail.com successfully logged in
2026-03-24 11:23:49,709 - users_logger - INFO - new cleint:icon,with email:icon@gmail.com and client id:10 registered
2026-03-24 11:24:37,176 - users_logger - INFO - user:10 with email:icon@gmail.com logged in
2026-03-24 11:24:37,177 - users_logger - INFO - user:icon@gmail.com successfully logged in
2026-03-24 11:43:08,966 - users_logger - INFO - user:10 with email:icon@gmail.com logged in
2026-03-24 11:43:08,967 - users_logger - INFO - user:icon@gmail.com successfully logged in
2026-03-24 12:17:05,216 - users_logger - INFO - user:9 with email:user@gmail.com logged in
2026-03-24 12:17:05,217 - users_logger - INFO - user:user@gmail.com successfully logged in
2026-03-24 14:16:33,188 - users_logger - INFO - user:9 with email:user@gmail.com logged in
2026-03-24 14:16:33,190 - users_logger - INFO - user:user@gmail.com successfully logged in
2026-03-24 14:53:50,728 - users_logger - INFO - user:9 with email:user@gmail.com logged in
2026-03-24 14:53:50,729 - users_logger - INFO - user:user@gmail.com successfully logged in
2026-03-25 08:13:19,119 - users_logger - INFO - user:9 with email:user@gmail.com logged in
2026-03-25 08:13:19,120 - users_logger - INFO - user:user@gmail.com successfully logged in
2026-03-25 09:20:18,958 - users_logger - INFO - user:9 with email:user@gmail.com logged in
2026-03-25 09:20:18,959 - users_logger - INFO - user:user@gmail.com successfully logged in
2026-03-25 09:42:36,828 - users_logger - INFO - user:9 with email:user@gmail.com logged in
2026-03-25 09:42:36,829 - users_logger - INFO - user:user@gmail.com successfully logged in
2026-03-25 10:13:58,102 - users_logger - INFO - user:9 with email:user@gmail.com logged in
2026-03-25 10:13:58,103 - users_logger - INFO - user:user@gmail.com successfully logged in
2026-03-25 11:23:53,382 - users_logger - INFO - user:9 with email:user@gmail.com logged in
2026-03-25 11:23:53,382 - users_logger - INFO - user:user@gmail.com successfully logged in
2026-03-25 12:24:25,282 - users_logger - INFO - user:9 with email:user@gmail.com logged in
2026-03-25 12:24:25,283 - users_logger - INFO - user:user@gmail.com successfully logged in
2026-03-25 12:34:17,345 - users_logger - INFO - user:9 with email:user@gmail.com logged in
2026-03-25 12:34:17,346 - users_logger - INFO - user:user@gmail.com successfully logged in
2026-03-25 14:19:54,700 - users_logger - INFO - user:9 with email:user@gmail.com logged in
2026-03-25 14:19:54,701 - users_logger - INFO - user:user@gmail.com successfully logged in
2026-03-25 15:57:54,644 - users_logger - INFO - user:9 with email:user@gmail.com logged in
2026-03-25 15:57:54,645 - users_logger - INFO - user:user@gmail.com successfully logged in
2026-03-26 13:54:06,858 - users_logger - INFO - user:9 with email:user@gmail.com logged in
2026-03-26 13:54:06,859 - users_logger - INFO - user:user@gmail.com successfully logged in
2026-03-26 14:25:27,368 - users_logger - INFO - user:9 with email:user@gmail.com logged in
2026-03-26 14:25:27,369 - users_logger - INFO - user:user@gmail.com successfully logged in
2026-03-26 15:02:26,083 - users_logger - INFO - user:9 with email:user@gmail.com logged in
2026-03-26 15:02:26,084 - users_logger - INFO - user:user@gmail.com successfully logged in
2026-03-26 15:11:54,505 - users_logger - INFO - user:9 with email:user@gmail.com logged in
2026-03-26 15:11:54,505 - users_logger - INFO - user:user@gmail.com successfully logged in
2026-03-26 15:42:27,680 - users_logger - INFO - user:9 with email:user@gmail.com logged in
2026-03-26 15:42:27,681 - users_logger - INFO - user:user@gmail.com successfully logged in
2026-03-26 16:15:51,218 - users_logger - INFO - user:9 with email:user@gmail.com logged in
2026-03-26 16:15:51,219 - users_logger - INFO - user:user@gmail.com successfully logged in
2026-03-27 08:42:47,355 - users_logger - INFO - user:9 with email:user@gmail.com logged in
2026-03-27 08:42:47,356 - users_logger - INFO - user:user@gmail.com successfully logged in
2026-03-27 09:23:45,098 - users_logger - INFO - user:9 with email:user@gmail.com logged in
2026-03-27 09:23:45,098 - users_logger - INFO - user:user@gmail.com successfully logged in
2026-03-27 09:33:11,816 - users_logger - INFO - user:9 with email:user@gmail.com logged in
2026-03-27 09:33:11,817 - users_logger - INFO - user:user@gmail.com successfully logged in
2026-03-27 10:09:13,349 - users_logger - INFO - user:9 with email:user@gmail.com logged in
2026-03-27 10:09:13,350 - users_logger - INFO - user:user@gmail.com successfully logged in
2026-03-27 10:12:19,168 - users_logger - INFO - user:9 with email:user@gmail.com logged in
2026-03-27 10:12:19,201 - users_logger - INFO - user:user@gmail.com successfully logged in
2026-03-27 10:15:45,941 - users_logger - INFO - user:9 with email:user@gmail.com logged in
2026-03-27 10:15:45,942 - users_logger - INFO - user:user@gmail.com successfully logged in
2026-03-27 10:46:36,144 - users_logger - INFO - user:9 with email:user@gmail.com logged in
2026-03-27 10:46:36,144 - users_logger - INFO - user:user@gmail.com successfully logged in
